<?xml version="1.0" encoding="UTF-8"?>
<!-- Generated by org.testng.reporters.JUnitReportReporter -->
<testsuite hostname="Vidya" failures="0" tests="11" name="org.ictkerala.scripts.SignUpPageTest" time="6.263" errors="1" timestamp="2023-10-06T11:25:38 IST" skipped="10">
  <testcase classname="org.ictkerala.scripts.SignUpPageTest" name="intitMethod" time="6.262">
    <error message="Cannot invoke &quot;org.openqa.selenium.WebElement.click()&quot; because &quot;this.loginBtn&quot; is null" type="java.lang.NullPointerException">
      <![CDATA[java.lang.NullPointerException: Cannot invoke "org.openqa.selenium.WebElement.click()" because "this.loginBtn" is null
at org.ictkerala.pages.LoginPage.clickLoginBtn(LoginPage.java:39)
at org.ictkerala.scripts.SignUpPageTest.intitMethod(SignUpPageTest.java:28)
at java.base/jdk.internal.reflect.NativeMethodAccessorImpl.invoke0(Native Method)
at java.base/jdk.internal.reflect.NativeMethodAccessorImpl.invoke(NativeMethodAccessorImpl.java:77)
at java.base/jdk.internal.reflect.DelegatingMethodAccessorImpl.invoke(DelegatingMethodAccessorImpl.java:43)
at java.base/java.lang.reflect.Method.invoke(Method.java:568)
at org.testng.internal.invokers.MethodInvocationHelper.invokeMethod(MethodInvocationHelper.java:139)
at org.testng.internal.invokers.MethodInvocationHelper.invokeMethodConsideringTimeout(MethodInvocationHelper.java:69)
at org.testng.internal.invokers.ConfigInvoker.invokeConfigurationMethod(ConfigInvoker.java:361)
at org.testng.internal.invokers.ConfigInvoker.invokeConfigurations(ConfigInvoker.java:296)
at org.testng.internal.invokers.TestInvoker.runConfigMethods(TestInvoker.java:823)
at org.testng.internal.invokers.TestInvoker.invokeMethod(TestInvoker.java:590)
at org.testng.internal.invokers.TestInvoker.invokeTestMethod(TestInvoker.java:221)
at org.testng.internal.invokers.MethodRunner.runInSequence(MethodRunner.java:50)
at org.testng.internal.invokers.TestInvoker$MethodInvocationAgent.invoke(TestInvoker.java:969)
at org.testng.internal.invokers.TestInvoker.invokeTestMethods(TestInvoker.java:194)
at org.testng.internal.invokers.TestMethodWorker.invokeTestMethods(TestMethodWorker.java:148)
at org.testng.internal.invokers.TestMethodWorker.run(TestMethodWorker.java:128)
at java.base/java.util.ArrayList.forEach(ArrayList.java:1511)
at org.testng.TestRunner.privateRun(TestRunner.java:829)
at org.testng.TestRunner.run(TestRunner.java:602)
at org.testng.SuiteRunner.runTest(SuiteRunner.java:437)
at org.testng.SuiteRunner.runSequentially(SuiteRunner.java:431)
at org.testng.SuiteRunner.privateRun(SuiteRunner.java:391)
at org.testng.SuiteRunner.run(SuiteRunner.java:330)
at org.testng.SuiteRunnerWorker.runSuite(SuiteRunnerWorker.java:52)
at org.testng.SuiteRunnerWorker.run(SuiteRunnerWorker.java:95)
at org.testng.TestNG.runSuitesSequentially(TestNG.java:1256)
at org.testng.TestNG.runSuitesLocally(TestNG.java:1176)
at org.testng.TestNG.runSuites(TestNG.java:1099)
at org.testng.TestNG.run(TestNG.java:1067)
at org.testng.remote.AbstractRemoteTestNG.run(AbstractRemoteTestNG.java:115)
at org.testng.remote.RemoteTestNG.initAndRun(RemoteTestNG.java:251)
at org.testng.remote.RemoteTestNG.main(RemoteTestNG.java:77)
]]>
    </error>
  </testcase> <!-- intitMethod -->
  <system-out/>
  <testcase classname="org.ictkerala.scripts.SignUpPageTest" name="verifyCrtAcctNowLink" time="0.000">
    <skipped/>
  </testcase> <!-- verifyCrtAcctNowLink -->
  <system-out/>
  <testcase classname="org.ictkerala.scripts.SignUpPageTest" name="validSignUpTest" time="0.000">
    <skipped/>
  </testcase> <!-- validSignUpTest -->
  <system-out/>
  <testcase classname="org.ictkerala.scripts.SignUpPageTest" name="blankFieldsTest" time="0.000">
    <skipped/>
  </testcase> <!-- blankFieldsTest -->
  <system-out/>
  <testcase classname="org.ictkerala.scripts.SignUpPageTest" name="userNonAlph" time="0.000">
    <skipped/>
  </testcase> <!-- userNonAlph -->
  <system-out/>
  <testcase classname="org.ictkerala.scripts.SignUpPageTest" name="emailInvalidChar" time="0.000">
    <skipped/>
  </testcase> <!-- emailInvalidChar -->
  <system-out/>
  <testcase classname="org.ictkerala.scripts.SignUpPageTest" name="phoneMoreThan10" time="0.000">
    <skipped/>
  </testcase> <!-- phoneMoreThan10 -->
  <system-out/>
  <testcase classname="org.ictkerala.scripts.SignUpPageTest" name="phoneLessThan10" time="0.000">
    <skipped/>
  </testcase> <!-- phoneLessThan10 -->
  <system-out/>
  <testcase classname="org.ictkerala.scripts.SignUpPageTest" name="phoneNoInvalidChar" time="0.000">
    <skipped/>
  </testcase> <!-- phoneNoInvalidChar -->
  <system-out/>
  <testcase classname="org.ictkerala.scripts.SignUpPageTest" name="passLessThan6Char" time="0.000">
    <skipped/>
  </testcase> <!-- passLessThan6Char -->
  <system-out/>
  <testcase classname="org.ictkerala.scripts.SignUpPageTest" name="confirmPassNotMatching" time="0.001">
    <skipped/>
  </testcase> <!-- confirmPassNotMatching -->
  <system-out/>
</testsuite> <!-- org.ictkerala.scripts.SignUpPageTest -->
